{"D:\\Microverse Study Trip\\JS\\test-project\\To-Do-List\\src\\createProDom.js": {"path":"D:\\Microverse Study Trip\\JS\\test-project\\To-Do-List\\src\\createProDom.js","statementMap":{"0":{"start":{"line":4,"column":16},"end":{"line":4,"column":62}},"1":{"start":{"line":5,"column":22},"end":{"line":5,"column":61}},"2":{"start":{"line":6,"column":22},"end":{"line":6,"column":50}},"3":{"start":{"line":7,"column":2},"end":{"line":7,"column":32}},"4":{"start":{"line":8,"column":2},"end":{"line":8,"column":115}},"5":{"start":{"line":9,"column":2},"end":{"line":9,"column":39}},"6":{"start":{"line":14,"column":2},"end":{"line":14,"column":16}},"7":{"start":{"line":15,"column":14},"end":{"line":15,"column":58}},"8":{"start":{"line":16,"column":16},"end":{"line":16,"column":44}},"9":{"start":{"line":17,"column":2},"end":{"line":17,"column":51}},"10":{"start":{"line":18,"column":2},"end":{"line":18,"column":37}},"11":{"start":{"line":19,"column":2},"end":{"line":19,"column":25}},"12":{"start":{"line":20,"column":2},"end":{"line":26,"column":3}},"13":{"start":{"line":20,"column":15},"end":{"line":20,"column":16}},"14":{"start":{"line":21,"column":24},"end":{"line":21,"column":63}},"15":{"start":{"line":22,"column":24},"end":{"line":22,"column":52}},"16":{"start":{"line":23,"column":4},"end":{"line":23,"column":51}},"17":{"start":{"line":24,"column":4},"end":{"line":24,"column":117}},"18":{"start":{"line":25,"column":4},"end":{"line":25,"column":41}},"19":{"start":{"line":30,"column":20},"end":{"line":30,"column":68}},"20":{"start":{"line":31,"column":18},"end":{"line":31,"column":72}},"21":{"start":{"line":32,"column":19},"end":{"line":32,"column":64}},"22":{"start":{"line":33,"column":23},"end":{"line":33,"column":69}},"23":{"start":{"line":34,"column":25},"end":{"line":34,"column":77}},"24":{"start":{"line":36,"column":2},"end":{"line":47,"column":3}},"25":{"start":{"line":37,"column":4},"end":{"line":37,"column":41}},"26":{"start":{"line":38,"column":4},"end":{"line":38,"column":44}},"27":{"start":{"line":40,"column":4},"end":{"line":40,"column":67}},"28":{"start":{"line":41,"column":4},"end":{"line":41,"column":41}},"29":{"start":{"line":42,"column":4},"end":{"line":42,"column":44}},"30":{"start":{"line":43,"column":4},"end":{"line":43,"column":27}},"31":{"start":{"line":44,"column":4},"end":{"line":44,"column":31}},"32":{"start":{"line":45,"column":4},"end":{"line":45,"column":28}},"33":{"start":{"line":46,"column":4},"end":{"line":46,"column":33}},"34":{"start":{"line":51,"column":2},"end":{"line":144,"column":3}},"35":{"start":{"line":51,"column":15},"end":{"line":51,"column":16}},"36":{"start":{"line":52,"column":17},"end":{"line":52,"column":50}},"37":{"start":{"line":54,"column":24},"end":{"line":54,"column":53}},"38":{"start":{"line":55,"column":27},"end":{"line":55,"column":56}},"39":{"start":{"line":56,"column":24},"end":{"line":56,"column":53}},"40":{"start":{"line":57,"column":26},"end":{"line":57,"column":54}},"41":{"start":{"line":58,"column":32},"end":{"line":58,"column":59}},"42":{"start":{"line":59,"column":25},"end":{"line":59,"column":52}},"43":{"start":{"line":60,"column":29},"end":{"line":60,"column":58}},"44":{"start":{"line":61,"column":25},"end":{"line":61,"column":57}},"45":{"start":{"line":62,"column":27},"end":{"line":62,"column":59}},"46":{"start":{"line":65,"column":4},"end":{"line":65,"column":58}},"47":{"start":{"line":66,"column":4},"end":{"line":66,"column":56}},"48":{"start":{"line":67,"column":4},"end":{"line":67,"column":40}},"49":{"start":{"line":68,"column":4},"end":{"line":68,"column":43}},"50":{"start":{"line":69,"column":4},"end":{"line":69,"column":48}},"51":{"start":{"line":70,"column":4},"end":{"line":70,"column":41}},"52":{"start":{"line":71,"column":4},"end":{"line":71,"column":45}},"53":{"start":{"line":72,"column":4},"end":{"line":72,"column":67}},"54":{"start":{"line":73,"column":4},"end":{"line":73,"column":68}},"55":{"start":{"line":76,"column":4},"end":{"line":76,"column":62}},"56":{"start":{"line":77,"column":4},"end":{"line":77,"column":44}},"57":{"start":{"line":78,"column":4},"end":{"line":78,"column":41}},"58":{"start":{"line":79,"column":4},"end":{"line":79,"column":43}},"59":{"start":{"line":80,"column":4},"end":{"line":80,"column":49}},"60":{"start":{"line":81,"column":4},"end":{"line":81,"column":42}},"61":{"start":{"line":82,"column":4},"end":{"line":82,"column":46}},"62":{"start":{"line":83,"column":4},"end":{"line":83,"column":42}},"63":{"start":{"line":84,"column":4},"end":{"line":84,"column":44}},"64":{"start":{"line":88,"column":4},"end":{"line":88,"column":46}},"65":{"start":{"line":89,"column":4},"end":{"line":89,"column":50}},"66":{"start":{"line":90,"column":4},"end":{"line":90,"column":60}},"67":{"start":{"line":91,"column":4},"end":{"line":91,"column":72}},"68":{"start":{"line":92,"column":4},"end":{"line":92,"column":58}},"69":{"start":{"line":93,"column":4},"end":{"line":105,"column":5}},"70":{"start":{"line":94,"column":6},"end":{"line":94,"column":56}},"71":{"start":{"line":95,"column":6},"end":{"line":95,"column":49}},"72":{"start":{"line":96,"column":6},"end":{"line":96,"column":67}},"73":{"start":{"line":97,"column":11},"end":{"line":105,"column":5}},"74":{"start":{"line":98,"column":6},"end":{"line":98,"column":47}},"75":{"start":{"line":99,"column":6},"end":{"line":99,"column":51}},"76":{"start":{"line":100,"column":6},"end":{"line":100,"column":65}},"77":{"start":{"line":101,"column":11},"end":{"line":105,"column":5}},"78":{"start":{"line":102,"column":6},"end":{"line":102,"column":52}},"79":{"start":{"line":103,"column":6},"end":{"line":103,"column":50}},"80":{"start":{"line":104,"column":6},"end":{"line":104,"column":66}},"81":{"start":{"line":108,"column":4},"end":{"line":136,"column":7}},"82":{"start":{"line":109,"column":6},"end":{"line":109,"column":72}},"83":{"start":{"line":111,"column":6},"end":{"line":111,"column":68}},"84":{"start":{"line":112,"column":6},"end":{"line":112,"column":80}},"85":{"start":{"line":113,"column":6},"end":{"line":113,"column":67}},"86":{"start":{"line":114,"column":6},"end":{"line":114,"column":69}},"87":{"start":{"line":115,"column":26},"end":{"line":115,"column":66}},"88":{"start":{"line":116,"column":6},"end":{"line":135,"column":9}},"89":{"start":{"line":117,"column":8},"end":{"line":117,"column":23}},"90":{"start":{"line":118,"column":8},"end":{"line":118,"column":22}},"91":{"start":{"line":119,"column":8},"end":{"line":119,"column":64}},"92":{"start":{"line":120,"column":8},"end":{"line":120,"column":76}},"93":{"start":{"line":121,"column":8},"end":{"line":121,"column":62}},"94":{"start":{"line":122,"column":8},"end":{"line":134,"column":9}},"95":{"start":{"line":123,"column":10},"end":{"line":123,"column":60}},"96":{"start":{"line":124,"column":10},"end":{"line":124,"column":53}},"97":{"start":{"line":125,"column":10},"end":{"line":125,"column":71}},"98":{"start":{"line":126,"column":15},"end":{"line":134,"column":9}},"99":{"start":{"line":127,"column":10},"end":{"line":127,"column":51}},"100":{"start":{"line":128,"column":10},"end":{"line":128,"column":55}},"101":{"start":{"line":129,"column":10},"end":{"line":129,"column":69}},"102":{"start":{"line":130,"column":15},"end":{"line":134,"column":9}},"103":{"start":{"line":131,"column":10},"end":{"line":131,"column":56}},"104":{"start":{"line":132,"column":10},"end":{"line":132,"column":54}},"105":{"start":{"line":133,"column":10},"end":{"line":133,"column":70}},"106":{"start":{"line":139,"column":4},"end":{"line":143,"column":7}},"107":{"start":{"line":140,"column":6},"end":{"line":140,"column":54}},"108":{"start":{"line":141,"column":6},"end":{"line":141,"column":20}},"109":{"start":{"line":142,"column":6},"end":{"line":142,"column":27}}},"fnMap":{"0":{"name":"printProject","decl":{"start":{"line":3,"column":16},"end":{"line":3,"column":28}},"loc":{"start":{"line":3,"column":31},"end":{"line":10,"column":1}},"line":3},"1":{"name":"loadProjects","decl":{"start":{"line":13,"column":16},"end":{"line":13,"column":28}},"loc":{"start":{"line":13,"column":31},"end":{"line":27,"column":1}},"line":13},"2":{"name":"editTask","decl":{"start":{"line":29,"column":16},"end":{"line":29,"column":24}},"loc":{"start":{"line":29,"column":31},"end":{"line":48,"column":1}},"line":29},"3":{"name":"loadTasks","decl":{"start":{"line":50,"column":16},"end":{"line":50,"column":25}},"loc":{"start":{"line":50,"column":33},"end":{"line":145,"column":1}},"line":50},"4":{"name":"(anonymous_4)","decl":{"start":{"line":108,"column":43},"end":{"line":108,"column":44}},"loc":{"start":{"line":108,"column":49},"end":{"line":136,"column":5}},"line":108},"5":{"name":"(anonymous_5)","decl":{"start":{"line":116,"column":44},"end":{"line":116,"column":45}},"loc":{"start":{"line":116,"column":50},"end":{"line":135,"column":7}},"line":116},"6":{"name":"(anonymous_6)","decl":{"start":{"line":139,"column":45},"end":{"line":139,"column":46}},"loc":{"start":{"line":139,"column":51},"end":{"line":143,"column":5}},"line":139}},"branchMap":{"0":{"loc":{"start":{"line":36,"column":2},"end":{"line":47,"column":3}},"type":"if","locations":[{"start":{"line":36,"column":2},"end":{"line":47,"column":3}},{"start":{"line":36,"column":2},"end":{"line":47,"column":3}}],"line":36},"1":{"loc":{"start":{"line":36,"column":6},"end":{"line":36,"column":58}},"type":"binary-expr","locations":[{"start":{"line":36,"column":6},"end":{"line":36,"column":16}},{"start":{"line":36,"column":20},"end":{"line":36,"column":28}},{"start":{"line":36,"column":32},"end":{"line":36,"column":41}},{"start":{"line":36,"column":45},"end":{"line":36,"column":58}}],"line":36},"2":{"loc":{"start":{"line":93,"column":4},"end":{"line":105,"column":5}},"type":"if","locations":[{"start":{"line":93,"column":4},"end":{"line":105,"column":5}},{"start":{"line":93,"column":4},"end":{"line":105,"column":5}}],"line":93},"3":{"loc":{"start":{"line":97,"column":11},"end":{"line":105,"column":5}},"type":"if","locations":[{"start":{"line":97,"column":11},"end":{"line":105,"column":5}},{"start":{"line":97,"column":11},"end":{"line":105,"column":5}}],"line":97},"4":{"loc":{"start":{"line":101,"column":11},"end":{"line":105,"column":5}},"type":"if","locations":[{"start":{"line":101,"column":11},"end":{"line":105,"column":5}},{"start":{"line":101,"column":11},"end":{"line":105,"column":5}}],"line":101},"5":{"loc":{"start":{"line":122,"column":8},"end":{"line":134,"column":9}},"type":"if","locations":[{"start":{"line":122,"column":8},"end":{"line":134,"column":9}},{"start":{"line":122,"column":8},"end":{"line":134,"column":9}}],"line":122},"6":{"loc":{"start":{"line":126,"column":15},"end":{"line":134,"column":9}},"type":"if","locations":[{"start":{"line":126,"column":15},"end":{"line":134,"column":9}},{"start":{"line":126,"column":15},"end":{"line":134,"column":9}}],"line":126},"7":{"loc":{"start":{"line":130,"column":15},"end":{"line":134,"column":9}},"type":"if","locations":[{"start":{"line":130,"column":15},"end":{"line":134,"column":9}},{"start":{"line":130,"column":15},"end":{"line":134,"column":9}}],"line":130}},"s":{"0":1,"1":1,"2":1,"3":1,"4":1,"5":1,"6":1,"7":1,"8":1,"9":1,"10":1,"11":1,"12":1,"13":1,"14":1,"15":1,"16":1,"17":1,"18":1,"19":2,"20":2,"21":2,"22":2,"23":2,"24":2,"25":1,"26":1,"27":1,"28":1,"29":1,"30":1,"31":1,"32":1,"33":1,"34":1,"35":1,"36":1,"37":1,"38":1,"39":1,"40":1,"41":1,"42":1,"43":1,"44":1,"45":1,"46":1,"47":1,"48":1,"49":1,"50":1,"51":1,"52":1,"53":1,"54":1,"55":1,"56":1,"57":1,"58":1,"59":1,"60":1,"61":1,"62":1,"63":1,"64":1,"65":1,"66":1,"67":1,"68":1,"69":1,"70":0,"71":0,"72":0,"73":1,"74":0,"75":0,"76":0,"77":1,"78":1,"79":1,"80":1,"81":1,"82":1,"83":1,"84":1,"85":1,"86":1,"87":1,"88":1,"89":0,"90":0,"91":0,"92":0,"93":0,"94":0,"95":0,"96":0,"97":0,"98":0,"99":0,"100":0,"101":0,"102":0,"103":0,"104":0,"105":0,"106":1,"107":0,"108":0,"109":0},"f":{"0":1,"1":1,"2":2,"3":1,"4":1,"5":0,"6":0},"b":{"0":[1,1],"1":[2,1,1,1],"2":[0,1],"3":[0,1],"4":[1,0],"5":[0,0],"6":[0,0],"7":[0,0]},"_coverageSchema":"1a1c01bbd47fc00a2c39e90264f33305004495a9","hash":"64d9c2d72d2fff6442a40327b4a248e4a6df9b5e"}
,"D:\\Microverse Study Trip\\JS\\test-project\\To-Do-List\\src\\createProject.js": {"path":"D:\\Microverse Study Trip\\JS\\test-project\\To-Do-List\\src\\createProject.js","statementMap":{"0":{"start":{"line":1,"column":27},"end":{"line":1,"column":29}},"1":{"start":{"line":4,"column":17},"end":{"line":4,"column":66}},"2":{"start":{"line":5,"column":4},"end":{"line":5,"column":25}},"3":{"start":{"line":10,"column":4},"end":{"line":10,"column":23}},"4":{"start":{"line":11,"column":4},"end":{"line":11,"column":24}},"5":{"start":{"line":16,"column":17},"end":{"line":16,"column":66}},"6":{"start":{"line":17,"column":4},"end":{"line":17,"column":31}},"7":{"start":{"line":18,"column":4},"end":{"line":18,"column":65}},"8":{"start":{"line":22,"column":21},"end":{"line":22,"column":39}},"9":{"start":{"line":23,"column":2},"end":{"line":23,"column":33}},"10":{"start":{"line":24,"column":2},"end":{"line":24,"column":15}},"11":{"start":{"line":28,"column":2},"end":{"line":28,"column":31}},"12":{"start":{"line":29,"column":2},"end":{"line":29,"column":16}}},"fnMap":{"0":{"name":"setProjects","decl":{"start":{"line":3,"column":16},"end":{"line":3,"column":27}},"loc":{"start":{"line":3,"column":30},"end":{"line":6,"column":1}},"line":3},"1":{"name":"(anonymous_1)","decl":{"start":{"line":9,"column":2},"end":{"line":9,"column":3}},"loc":{"start":{"line":9,"column":21},"end":{"line":12,"column":3}},"line":9},"2":{"name":"saveProject","decl":{"start":{"line":15,"column":16},"end":{"line":15,"column":27}},"loc":{"start":{"line":15,"column":30},"end":{"line":19,"column":1}},"line":15},"3":{"name":"addNewProject","decl":{"start":{"line":21,"column":16},"end":{"line":21,"column":29}},"loc":{"start":{"line":21,"column":37},"end":{"line":25,"column":1}},"line":21},"4":{"name":"addTask","decl":{"start":{"line":27,"column":16},"end":{"line":27,"column":23}},"loc":{"start":{"line":27,"column":39},"end":{"line":30,"column":1}},"line":27}},"branchMap":{"0":{"loc":{"start":{"line":4,"column":28},"end":{"line":4,"column":65}},"type":"binary-expr","locations":[{"start":{"line":4,"column":28},"end":{"line":4,"column":57}},{"start":{"line":4,"column":61},"end":{"line":4,"column":65}}],"line":4},"1":{"loc":{"start":{"line":16,"column":28},"end":{"line":16,"column":65}},"type":"binary-expr","locations":[{"start":{"line":16,"column":28},"end":{"line":16,"column":57}},{"start":{"line":16,"column":61},"end":{"line":16,"column":65}}],"line":16}},"s":{"0":2,"1":3,"2":3,"3":3,"4":3,"5":4,"6":4,"7":4,"8":2,"9":2,"10":2,"11":1,"12":1},"f":{"0":3,"1":3,"2":4,"3":2,"4":1},"b":{"0":[3,0],"1":[4,1]},"_coverageSchema":"1a1c01bbd47fc00a2c39e90264f33305004495a9","hash":"90219319b46f385c500ba8215c1d95485dcf5b54"}
,"D:\\Microverse Study Trip\\JS\\test-project\\To-Do-List\\src\\createTask.js": {"path":"D:\\Microverse Study Trip\\JS\\test-project\\To-Do-List\\src\\createTask.js","statementMap":{"0":{"start":{"line":3,"column":4},"end":{"line":3,"column":23}},"1":{"start":{"line":4,"column":4},"end":{"line":4,"column":35}},"2":{"start":{"line":5,"column":4},"end":{"line":5,"column":27}},"3":{"start":{"line":6,"column":4},"end":{"line":6,"column":29}}},"fnMap":{"0":{"name":"(anonymous_0)","decl":{"start":{"line":2,"column":2},"end":{"line":2,"column":3}},"loc":{"start":{"line":2,"column":53},"end":{"line":7,"column":3}},"line":2}},"branchMap":{},"s":{"0":2,"1":2,"2":2,"3":2},"f":{"0":2},"b":{},"_coverageSchema":"1a1c01bbd47fc00a2c39e90264f33305004495a9","hash":"58dcd48196796cdf8dc826082d44d8deb6899dec"}
,"D:\\Microverse Study Trip\\JS\\test-project\\To-Do-List\\src\\createTaskDom.js": {"path":"D:\\Microverse Study Trip\\JS\\test-project\\To-Do-List\\src\\createTaskDom.js","statementMap":{"0":{"start":{"line":4,"column":2},"end":{"line":4,"column":51}},"1":{"start":{"line":5,"column":2},"end":{"line":5,"column":57}},"2":{"start":{"line":6,"column":2},"end":{"line":6,"column":48}},"3":{"start":{"line":7,"column":2},"end":{"line":7,"column":49}},"4":{"start":{"line":11,"column":16},"end":{"line":11,"column":59}},"5":{"start":{"line":12,"column":22},"end":{"line":12,"column":71}},"6":{"start":{"line":13,"column":18},"end":{"line":13,"column":58}},"7":{"start":{"line":14,"column":19},"end":{"line":14,"column":60}},"8":{"start":{"line":15,"column":15},"end":{"line":15,"column":62}},"9":{"start":{"line":16,"column":2},"end":{"line":16,"column":16}},"10":{"start":{"line":17,"column":2},"end":{"line":17,"column":14}}},"fnMap":{"0":{"name":"clearInputs","decl":{"start":{"line":3,"column":16},"end":{"line":3,"column":27}},"loc":{"start":{"line":3,"column":30},"end":{"line":8,"column":1}},"line":3},"1":{"name":"newTask","decl":{"start":{"line":10,"column":16},"end":{"line":10,"column":23}},"loc":{"start":{"line":10,"column":26},"end":{"line":18,"column":1}},"line":10}},"branchMap":{},"s":{"0":2,"1":2,"2":2,"3":2,"4":1,"5":1,"6":1,"7":1,"8":1,"9":1,"10":1},"f":{"0":2,"1":1},"b":{},"_coverageSchema":"1a1c01bbd47fc00a2c39e90264f33305004495a9","hash":"fe957e53961022a3468531f9605c624b93ab04ab"}
}
