TN:
SF:src\createProDom.js
FN:3,printProject
FN:13,loadProjects
FN:29,editTask
FN:50,loadTasks
FN:108,(anonymous_4)
FN:116,(anonymous_5)
FN:139,(anonymous_6)
FNF:7
FNH:5
FNDA:1,printProject
FNDA:1,loadProjects
FNDA:2,editTask
FNDA:1,loadTasks
FNDA:1,(anonymous_4)
FNDA:0,(anonymous_5)
FNDA:0,(anonymous_6)
DA:4,1
DA:5,1
DA:6,1
DA:7,1
DA:8,1
DA:9,1
DA:14,1
DA:15,1
DA:16,1
DA:17,1
DA:18,1
DA:19,1
DA:20,1
DA:21,1
DA:22,1
DA:23,1
DA:24,1
DA:25,1
DA:30,2
DA:31,2
DA:32,2
DA:33,2
DA:34,2
DA:36,2
DA:37,1
DA:38,1
DA:40,1
DA:41,1
DA:42,1
DA:43,1
DA:44,1
DA:45,1
DA:46,1
DA:51,1
DA:52,1
DA:54,1
DA:55,1
DA:56,1
DA:57,1
DA:58,1
DA:59,1
DA:60,1
DA:61,1
DA:62,1
DA:65,1
DA:66,1
DA:67,1
DA:68,1
DA:69,1
DA:70,1
DA:71,1
DA:72,1
DA:73,1
DA:76,1
DA:77,1
DA:78,1
DA:79,1
DA:80,1
DA:81,1
DA:82,1
DA:83,1
DA:84,1
DA:88,1
DA:89,1
DA:90,1
DA:91,1
DA:92,1
DA:93,1
DA:94,0
DA:95,0
DA:96,0
DA:97,1
DA:98,0
DA:99,0
DA:100,0
DA:101,1
DA:102,1
DA:103,1
DA:104,1
DA:108,1
DA:109,1
DA:111,1
DA:112,1
DA:113,1
DA:114,1
DA:115,1
DA:116,1
DA:117,0
DA:118,0
DA:119,0
DA:120,0
DA:121,0
DA:122,0
DA:123,0
DA:124,0
DA:125,0
DA:126,0
DA:127,0
DA:128,0
DA:129,0
DA:130,0
DA:131,0
DA:132,0
DA:133,0
DA:139,1
DA:140,0
DA:141,0
DA:142,0
LF:108
LH:82
BRDA:36,0,0,1
BRDA:36,0,1,1
BRDA:36,1,0,2
BRDA:36,1,1,1
BRDA:36,1,2,1
BRDA:36,1,3,1
BRDA:93,2,0,0
BRDA:93,2,1,1
BRDA:97,3,0,0
BRDA:97,3,1,1
BRDA:101,4,0,1
BRDA:101,4,1,0
BRDA:122,5,0,0
BRDA:122,5,1,0
BRDA:126,6,0,0
BRDA:126,6,1,0
BRDA:130,7,0,0
BRDA:130,7,1,0
BRF:18
BRH:9
end_of_record
TN:
SF:src\createProject.js
FN:3,setProjects
FN:9,(anonymous_1)
FN:15,saveProject
FN:21,addNewProject
FN:27,addTask
FNF:5
FNH:5
FNDA:3,setProjects
FNDA:3,(anonymous_1)
FNDA:4,saveProject
FNDA:2,addNewProject
FNDA:1,addTask
DA:1,2
DA:4,3
DA:5,3
DA:10,3
DA:11,3
DA:16,4
DA:17,4
DA:18,4
DA:22,2
DA:23,2
DA:24,2
DA:28,1
DA:29,1
LF:13
LH:13
BRDA:4,0,0,3
BRDA:4,0,1,0
BRDA:16,1,0,4
BRDA:16,1,1,1
BRF:4
BRH:3
end_of_record
TN:
SF:src\createTask.js
FN:2,(anonymous_0)
FNF:1
FNH:1
FNDA:2,(anonymous_0)
DA:3,2
DA:4,2
DA:5,2
DA:6,2
LF:4
LH:4
BRF:0
BRH:0
end_of_record
TN:
SF:src\createTaskDom.js
FN:3,clearInputs
FN:10,newTask
FNF:2
FNH:2
FNDA:2,clearInputs
FNDA:1,newTask
DA:4,2
DA:5,2
DA:6,2
DA:7,2
DA:11,1
DA:12,1
DA:13,1
DA:14,1
DA:15,1
DA:16,1
DA:17,1
LF:11
LH:11
BRF:0
BRH:0
end_of_record
